<?xml version="1.0" encoding="UTF-8"?>
<!-- Generated by org.testng.reporters.JUnitXMLReporter -->
<testsuite hostname="Digvijay-PC" name="Command line test" tests="6" failures="0" timestamp="21 Jun 2018 17:36:00 GMT" time="14.071" errors="0">
  <testcase name="verifyBasicCourseSelection" time="0.349" classname="com.qainfotech.maven_project.TatocTest"/>
  <testcase name="verifyGreenBoxSelected" time="0.426" classname="com.qainfotech.maven_project.TatocTest"/>
  <testcase name="verifyBoxColorSame" time="1.004" classname="com.qainfotech.maven_project.TatocTest"/>
  <testcase name="verifyDragPerformed" time="0.633" classname="com.qainfotech.maven_project.TatocTest"/>
  <testcase name="verifyTextEnteredInPopupWindow" time="1.817" classname="com.qainfotech.maven_project.TatocTest"/>
  <testcase name="verifyCookieAdded" time="0.411" classname="com.qainfotech.maven_project.TatocTest"/>
</testsuite> <!-- Command line test -->
