<?xml version="1.0" encoding="UTF-8"?>
<testng-results skipped="0" failed="0" total="0" passed="0">
  <reporter-output>
  </reporter-output>
  <suite name="com.qainfotech.maven_project.TatocTest" duration-ms="5599" started-at="2018-06-19T19:53:18Z" finished-at="2018-06-19T19:53:24Z">
    <groups>
    </groups>
    <test name="Command line test" duration-ms="5599" started-at="2018-06-19T19:53:18Z" finished-at="2018-06-19T19:53:24Z">
      <class name="com.qainfotech.maven_project.TatocTest">
        <test-method status="PASS" signature="launchBrowser()[pri:0, instance:com.qainfotech.maven_project.TatocTest@1a407d53]" name="launchBrowser" is-config="true" duration-ms="4815" started-at="2018-06-20T01:23:18Z" finished-at="2018-06-20T01:23:23Z">
          <reporter-output>
          </reporter-output>
        </test-method> <!-- launchBrowser -->
        <test-method status="PASS" signature="closeBrowser()[pri:0, instance:com.qainfotech.maven_project.TatocTest@1a407d53]" name="closeBrowser" is-config="true" duration-ms="777" started-at="2018-06-20T01:23:23Z" finished-at="2018-06-20T01:23:24Z">
          <reporter-output>
          </reporter-output>
        </test-method> <!-- closeBrowser -->
      </class> <!-- com.qainfotech.maven_project.TatocTest -->
    </test> <!-- Command line test -->
  </suite> <!-- com.qainfotech.maven_project.TatocTest -->
</testng-results>
